mingw32-make.exe --dry-run --always-make --keep-going --print-directory
mingw32-make.exe: Entering directory 'e:/Windows/OneDrive/Documents/Self Document/Programming Base/CPP/Project_HCI/SUSTech_CS205_2022_HCI'
C:\Develop\CMake\bin\cmake.exe -S"E:\Windows\OneDrive\Documents\Self Document\Programming Base\CPP\Project_HCI\SUSTech_CS205_2022_HCI" -B"E:\Windows\OneDrive\Documents\Self Document\Programming Base\CPP\Project_HCI\SUSTech_CS205_2022_HCI" --check-build-system CMakeFiles\Makefile.cmake 0
C:\Develop\CMake\bin\cmake.exe -E cmake_progress_start "E:\Windows\OneDrive\Documents\Self Document\Programming Base\CPP\Project_HCI\SUSTech_CS205_2022_HCI\CMakeFiles" "E:\Windows\OneDrive\Documents\Self Document\Programming Base\CPP\Project_HCI\SUSTech_CS205_2022_HCI\\CMakeFiles\progress.marks"
mingw32-make.exe -s -f CMakeFiles\Makefile2 all
mingw32-make.exe[1]: Entering directory 'e:/Windows/OneDrive/Documents/Self Document/Programming Base/CPP/Project_HCI/SUSTech_CS205_2022_HCI'
mingw32-make.exe -s -f CMakeFiles\C_Test.dir\build.make CMakeFiles/C_Test.dir/depend
mingw32-make.exe[2]: Entering directory 'e:/Windows/OneDrive/Documents/Self Document/Programming Base/CPP/Project_HCI/SUSTech_CS205_2022_HCI'
C:\Develop\CMake\bin\cmake.exe -E cmake_depends "MinGW Makefiles" "E:\Windows\OneDrive\Documents\Self Document\Programming Base\CPP\Project_HCI\SUSTech_CS205_2022_HCI" "E:\Windows\OneDrive\Documents\Self Document\Programming Base\CPP\Project_HCI\SUSTech_CS205_2022_HCI" "E:\Windows\OneDrive\Documents\Self Document\Programming Base\CPP\Project_HCI\SUSTech_CS205_2022_HCI" "E:\Windows\OneDrive\Documents\Self Document\Programming Base\CPP\Project_HCI\SUSTech_CS205_2022_HCI" "E:\Windows\OneDrive\Documents\Self Document\Programming Base\CPP\Project_HCI\SUSTech_CS205_2022_HCI\CMakeFiles\C_Test.dir\DependInfo.cmake" --color=
mingw32-make.exe[2]: Leaving directory 'e:/Windows/OneDrive/Documents/Self Document/Programming Base/CPP/Project_HCI/SUSTech_CS205_2022_HCI'
mingw32-make.exe -s -f CMakeFiles\C_Test.dir\build.make CMakeFiles/C_Test.dir/build
mingw32-make.exe[2]: Entering directory 'e:/Windows/OneDrive/Documents/Self Document/Programming Base/CPP/Project_HCI/SUSTech_CS205_2022_HCI'
C:\Develop\CMake\bin\cmake.exe -E cmake_echo_color --switch= --green --progress-dir="E:\Windows\OneDrive\Documents\Self Document\Programming Base\CPP\Project_HCI\SUSTech_CS205_2022_HCI\CMakeFiles" --progress-num=1 "Building CXX object CMakeFiles/C_Test.dir/cameraTest.cpp.obj"
C:\Develop\mingw64\bin\g++.exe  @CMakeFiles/C_Test.dir/includes_CXX.rsp -std=gnu++14 -MD -MT CMakeFiles/C_Test.dir/cameraTest.cpp.obj -MF CMakeFiles\C_Test.dir\cameraTest.cpp.obj.d -o CMakeFiles\C_Test.dir\cameraTest.cpp.obj -c "E:\Windows\OneDrive\Documents\Self Document\Programming Base\CPP\Project_HCI\SUSTech_CS205_2022_HCI\cameraTest.cpp"
C:\Develop\CMake\bin\cmake.exe -E cmake_echo_color --switch= --green --bold --progress-dir="E:\Windows\OneDrive\Documents\Self Document\Programming Base\CPP\Project_HCI\SUSTech_CS205_2022_HCI\CMakeFiles" --progress-num=2 "Linking CXX executable C_Test.exe"
C:\Develop\CMake\bin\cmake.exe -E cmake_link_script CMakeFiles\C_Test.dir\link.txt --verbose=
mingw32-make.exe[2]: Leaving directory 'e:/Windows/OneDrive/Documents/Self Document/Programming Base/CPP/Project_HCI/SUSTech_CS205_2022_HCI'
C:\Develop\CMake\bin\cmake.exe -E cmake_echo_color --switch= --progress-dir="E:\Windows\OneDrive\Documents\Self Document\Programming Base\CPP\Project_HCI\SUSTech_CS205_2022_HCI\CMakeFiles" --progress-num=1,2 "Built target C_Test"
mingw32-make.exe[1]: Leaving directory 'e:/Windows/OneDrive/Documents/Self Document/Programming Base/CPP/Project_HCI/SUSTech_CS205_2022_HCI'
C:\Develop\CMake\bin\cmake.exe -E cmake_progress_start "E:\Windows\OneDrive\Documents\Self Document\Programming Base\CPP\Project_HCI\SUSTech_CS205_2022_HCI\CMakeFiles" 0
mingw32-make.exe: Leaving directory 'e:/Windows/OneDrive/Documents/Self Document/Programming Base/CPP/Project_HCI/SUSTech_CS205_2022_HCI'
 
