mingw32-make.exe all --print-data-base --no-builtin-variables --no-builtin-rules --question
# GNU Make 4.2.1
# Built for x86_64-w64-mingw32
# Copyright (C) 1988-2016 Free Software Foundation, Inc.
# License GPLv3+: GNU GPL version 3 or later <http://gnu.org/licenses/gpl.html>
# This is free software: you are free to change and redistribute it.
# There is NO WARRANTY, to the extent permitted by law.

# Make data base, printed on Sun Jun 05 15:25:13 2022

# Variables

# 'override' directive
GNUMAKEFLAGS := 
# automatic
<D = $(patsubst %/,%,$(patsubst %\,%,$(dir $<)))
# automatic
?F = $(notdir $?)
# default
.SHELLFLAGS := -c
# makefile
MAKEFLAGS = pqrRs
# environment
VSCODE_LOG_NATIVE = false
# automatic
?D = $(patsubst %/,%,$(patsubst %\,%,$(dir $?)))
# automatic
@D = $(patsubst %/,%,$(patsubst %\,%,$(dir $@)))
# environment
HOMEDRIVE = C:
# automatic
@F = $(notdir $@)
# automatic
^D = $(patsubst %/,%,$(patsubst %\,%,$(dir $^)))
# makefile
CURDIR := e:/Windows/OneDrive/Documents/Self Document/Programming Base/CPP/Project_HCI/SUSTech_CS205_2022_HCI
# makefile (from 'Makefile', line 47)
SHELL = cmd.exe
# makefile (from 'Makefile', line 53)
RM = C:\Develop\CMake\bin\cmake.exe -E rm -f
# environment
WINDIR = C:\WINDOWS
# environment
VSCODE_NLS_CONFIG = {"locale":"zh-cn","availableLanguages":{"*":"zh-cn"},"_languagePackId":"42e84e0914b17800d483f69e299e1b00.zh-cn","_translationsConfigFile":"C:\\Users\\Msi-pc\\AppData\\Roaming\\Code\\clp\\42e84e0914b17800d483f69e299e1b00.zh-cn\\tcf.json","_cacheRoot":"C:\\Users\\Msi-pc\\AppData\\Roaming\\Code\\clp\\42e84e0914b17800d483f69e299e1b00.zh-cn","_resolvedLanguagePackCoreLocation":"C:\\Users\\Msi-pc\\AppData\\Roaming\\Code\\clp\\42e84e0914b17800d483f69e299e1b00.zh-cn\\c3511e6c69bb39013c4a4b7b9566ec1ca73fc4d5","_corruptedFile":"C:\\Users\\Msi-pc\\AppData\\Roaming\\Code\\clp\\42e84e0914b17800d483f69e299e1b00.zh-cn\\corrupted.info","_languagePackSupport":true}
# environment
ONEDRIVE = E:\Windows\OneDrive
# environment
PUBLIC = C:\Users\Public
# makefile (from 'Makefile', line 62)
CMAKE_BINARY_DIR = "E:\Windows\OneDrive\Documents\Self Document\Programming Base\CPP\Project_HCI\SUSTech_CS205_2022_HCI"
# environment
PATHEXT = .COM;.EXE;.BAT;.CMD;.VBS;.VBE;.JS;.JSE;.WSF;.WSH;.MSC
# makefile (from 'Makefile', line 1)
MAKEFILE_LIST :=  Makefile
# environment
TMP = C:\Users\Msi-pc\AppData\Local\Temp
# environment
VSCODE_VERBOSE_LOGGING = true
# environment
PROGRAMW6432 = C:\Program Files
# environment
PROGRAMDATA = C:\ProgramData
# makefile (from 'Makefile', line 35)
MAKESILENT = -s
# environment
VSCODE_IPC_HOOK_EXTHOST = \\.\pipe\vscode-ipc-aa5fddf7-d986-48ff-96aa-7b5971d050c2-sock
# environment
VSCODE_CWD = C:\Users\Msi-pc\AppData\Local\Programs\Microsoft VS Code
# default
MAKE_HOST := x86_64-w64-mingw32
# environment
PATH = C:\Develop\Java\jdk-11.0.14\bin;C:\Program Files\Common Files\Oracle\Java\javapath;C:\Windows\system32;C:\Windows;C:\Windows\System32\Wbem;C:\Windows\System32\WindowsPowerShell\v1.0\;C:\Windows\System32\OpenSSH\;C:\Program Files (x86)\NVIDIA Corporation\PhysX\Common;C:\Program Files\NVIDIA Corporation\NVIDIA NvDLISR;C:\Develop\mingw64\bin;D:\Productivity\MATLAB\R2021b\bin;C:\WINDOWS\system32;C:\WINDOWS;C:\WINDOWS\System32\Wbem;C:\WINDOWS\System32\WindowsPowerShell\v1.0\;C:\WINDOWS\System32\OpenSSH\;C:\Develop\ffmpeg\bin;C:\Program Files\Git\cmd;E:\Tools\pandoc-2.17.0.1;C:\Program Files\wkhtmltopdf\bin;C:\Program Files\Microsoft Windows Performance Toolkit\;C:\Program Files\usbipd-win\;C:\Program Files\PuTTY\;D:\Productivity\OpenCV\opencv\mingw-build\install\x64\mingw\bin;D:\Productivity\OpenCV\opencv\build\x64\vc15\bin;C:\Develop\CMake\bin;C:\Users\Msi-pc\AppData\Local\SumatraPDF;C:\Develop\Python\Python39\Scripts\;C:\Develop\Python\Python39\;C:\Develop\Python\Python310\Scripts\;C:\Develop\Python\Python310\;C:\Python\Python310\Scripts\;C:\Python\Python310\;C:\Users\Msi-pc\AppData\Local\Microsoft\WindowsApps;;C:\Users\Msi-pc\AppData\Local\Programs\Microsoft VS Code\bin;D:\Productivity\texlive\2022\bin\win32
# environment
COMMONPROGRAMW6432 = C:\Program Files\Common Files
# environment
ZES_ENABLE_SYSMAN = 1
# environment
NIEXTCCOMPILERSUPP = D:\Productivity\National Instruments\Shared\ExternalCompilerSupport\C\
# environment
PROCESSOR_ARCHITECTURE = AMD64
# environment
USERPROFILE = C:\Users\Msi-pc
# environment
ALLUSERSPROFILE = C:\ProgramData
# environment
VSCODE_LOG_STACK = false
# environment
NUMBER_OF_PROCESSORS = 12
# environment
ELECTRON_RUN_AS_NODE = 1
# default
.FEATURES := target-specific order-only second-expansion else-if shortest-stem undefine oneshell archives jobserver output-sync
# automatic
%F = $(notdir $%)
# environment
CHROME_CRASHPAD_PIPE_NAME = \\.\pipe\crashpad_16400_XQPLUJTAJRIZHDBQ
# environment
VSCODE_PIPE_LOGGING = true
# environment
COMPUTERNAME = SMANGIC
# environment
PROGRAMFILES = C:\Program Files
# default
.LOADED := 
# environment
DRIVERDATA = C:\Windows\System32\Drivers\DriverData
# environment
ASL.LOG = Destination=file
# environment
ORIGINAL_XDG_CURRENT_DESKTOP = undefined
# environment
USERNAME = Msi-pc
# environment
KMP_DUPLICATE_LIB_OK = TRUE
# environment
VSCODE_AMD_ENTRYPOINT = vs/workbench/api/node/extensionHostProcess
# environment
VSCODE_CODE_CACHE_PATH = C:\Users\Msi-pc\AppData\Roaming\Code\CachedData\c3511e6c69bb39013c4a4b7b9566ec1ca73fc4d5
# environment
APPLICATION_INSIGHTS_NO_DIAGNOSTIC_CHANNEL = 1
# makefile (from 'Makefile', line 56)
EQUALS = =
# environment
COMMONPROGRAMFILES = C:\Program Files\Common Files
# environment
LOGONSERVER = \\SMANGIC
# environment
ONEDRIVECONSUMER = E:\Windows\OneDrive
# environment
VSCODE_HANDLES_UNCAUGHT_ERRORS = true
# environment
USERDOMAIN = SMANGIC
# environment
MAKELEVEL := 0
# default
MAKE = $(MAKE_COMMAND)
# default
MAKECMDGOALS := all
# environment
JAVA_HOME = C:\Develop\Java\jdk-11.0.14
# default
MAKE_VERSION := 4.2.1
# makefile
.DEFAULT_GOAL := default_target
# makefile (from 'Makefile', line 59)
CMAKE_SOURCE_DIR = "E:\Windows\OneDrive\Documents\Self Document\Programming Base\CPP\Project_HCI\SUSTech_CS205_2022_HCI"
# environment
CLASSPATH = C:\Develop\Java\algs4.jar;.
# environment
PROGRAMFILES(X86) = C:\Program Files (x86)
# automatic
%D = $(patsubst %/,%,$(patsubst %\,%,$(dir $%)))
# environment
LOCALAPPDATA = C:\Users\Msi-pc\AppData\Local
# environment
PSMODULEPATH = C:\Program Files\WindowsPowerShell\Modules;C:\WINDOWS\system32\WindowsPowerShell\v1.0\Modules
# default
MAKE_COMMAND := mingw32-make.exe
# default
.VARIABLES := 
# automatic
*F = $(notdir $*)
# environment
PROCESSOR_IDENTIFIER = Intel64 Family 6 Model 165 Stepping 2, GenuineIntel
# environment
OS = Windows_NT
# environment
VSCODE_IPC_HOOK = \\.\pipe\df45834eafb3da8dd0dfa23b8cb47391-1.67.2-main-sock
# environment
HOMEPATH = \Users\Msi-pc
# environment
COMMONPROGRAMFILES(X86) = C:\Program Files (x86)\Common Files
# environment
PROMPT = $P$G
# environment
MFLAGS = -pqrRs
# automatic
*D = $(patsubst %/,%,$(patsubst %\,%,$(dir $*)))
# environment
SYSTEMROOT = C:\WINDOWS
# automatic
+D = $(patsubst %/,%,$(patsubst %\,%,$(dir $+)))
# automatic
+F = $(notdir $+)
# environment
APPDATA = C:\Users\Msi-pc\AppData\Roaming
# environment
TEMP = C:\Users\Msi-pc\AppData\Local\Temp
# environment
COMSPEC = C:\WINDOWS\system32\cmd.exe
# default
MAKEFILES := 
# automatic
<F = $(notdir $<)
# environment
MKL_SERIAL = YES
# environment
LC_ALL = C
# environment
CONFIGSETROOT = C:\WINDOWS\ConfigSetRoot
# makefile (from 'Makefile', line 50)
CMAKE_COMMAND = C:\Develop\CMake\bin\cmake.exe
# automatic
^F = $(notdir $^)
# default
SUFFIXES := 
# environment
SYSTEMDRIVE = C:
# environment
SESSIONNAME = Console
# environment
PROCESSOR_REVISION = a502
# default
.RECIPEPREFIX := 
# environment
LANG = C
# environment
PROCESSOR_LEVEL = 6
# environment
VSCODE_PID = 16400
# environment
USERDOMAIN_ROAMINGPROFILE = SMANGIC
# variable set hash-table stats:
# Load=105/1024=10%, Rehash=0, Collisions=18/134=13%

# Pattern-specific Variable Values

# No pattern-specific variable values.

# Directories

# SCCS: could not be stat'd.
# . (key e:/Windows/OneDrive/Documents/Self Document/Programming Base/CPP/Project_HCI/SUSTech_CS205_2022_HCI, mtime 1654409738): 14 files, no impossibilities.
# RCS: could not be stat'd.

# 14 files, no impossibilities in 3 directories.

# Implicit Rules

%: %,v

%: RCS/%

%: RCS/%,v

%: SCCS/s.%

%: s.%

%.hpux_make_needs_suffix_list:

# 6 implicit rules, 0 (0.0%) terminal.

# Files

cmake_force:
#  Phony target (prerequisite of .PHONY).
#  Implicit rule search has not been done.
#  File does not exist.
#  File has not been updated.

cameraTest.cpp.obj:
#  Phony target (prerequisite of .PHONY).
#  Implicit rule search has not been done.
#  File does not exist.
#  File has not been updated.
#  recipe to execute (from 'Makefile', line 136):
	$(MAKE) $(MAKESILENT) -f CMakeFiles\C_Test.dir\build.make CMakeFiles/C_Test.dir/cameraTest.cpp.obj

edit_cache:
#  Phony target (prerequisite of .PHONY).
#  Implicit rule search has not been done.
#  File does not exist.
#  File has not been updated.
#  recipe to execute (from 'Makefile', line 69):
	@$(CMAKE_COMMAND) -E cmake_echo_color --switch=$(COLOR) --cyan "Running CMake cache editor..."
	C:\Develop\CMake\bin\cmake-gui.exe -S$(CMAKE_SOURCE_DIR) -B$(CMAKE_BINARY_DIR)

all: cmake_check_build_system
#  Phony target (prerequisite of .PHONY).
#  Command line target.
#  Implicit rule search has not been done.
#  File does not exist.
#  File has been updated.
#  Needs to be updated (-q is set).
# variable set hash-table stats:
# Load=0/32=0%, Rehash=0, Collisions=0/6=0%
#  recipe to execute (from 'Makefile', line 89):
	$(CMAKE_COMMAND) -E cmake_progress_start "E:\Windows\OneDrive\Documents\Self Document\Programming Base\CPP\Project_HCI\SUSTech_CS205_2022_HCI\CMakeFiles" "E:\Windows\OneDrive\Documents\Self Document\Programming Base\CPP\Project_HCI\SUSTech_CS205_2022_HCI\\CMakeFiles\progress.marks"
	$(MAKE) $(MAKESILENT) -f CMakeFiles\Makefile2 all
	$(CMAKE_COMMAND) -E cmake_progress_start "E:\Windows\OneDrive\Documents\Self Document\Programming Base\CPP\Project_HCI\SUSTech_CS205_2022_HCI\CMakeFiles" 0

.PHONY: default_target cmake_force edit_cache edit_cache/fast rebuild_cache rebuild_cache/fast all clean clean/fast preinstall preinstall/fast depend C_Test C_Test/fast cameraTest.obj cameraTest.cpp.obj cameraTest.i cameraTest.cpp.i cameraTest.s cameraTest.cpp.s help cmake_check_build_system
#  Implicit rule search has not been done.
#  Modification time never checked.
#  File has not been updated.

preinstall/fast:
#  Phony target (prerequisite of .PHONY).
#  Implicit rule search has not been done.
#  File does not exist.
#  File has not been updated.
#  recipe to execute (from 'Makefile', line 110):
	$(MAKE) $(MAKESILENT) -f CMakeFiles\Makefile2 preinstall

.SUFFIXES: .hpux_make_needs_suffix_list
#  Implicit rule search has not been done.
#  Modification time never checked.
#  File has not been updated.

# Not a target:
Makefile:
#  Implicit rule search has been done.
#  Last modified 2022-06-05 14:15:38
#  File has been updated.
#  Successfully updated.

.NOTPARALLEL:
#  Implicit rule search has not been done.
#  Modification time never checked.
#  File has not been updated.

clean/fast: clean
#  Phony target (prerequisite of .PHONY).
#  Implicit rule search has not been done.
#  File does not exist.
#  File has not been updated.

cameraTest.s: cameraTest.cpp.s
#  Phony target (prerequisite of .PHONY).
#  Implicit rule search has not been done.
#  File does not exist.
#  File has not been updated.

cmake_check_build_system:
#  Phony target (prerequisite of .PHONY).
#  Implicit rule search has not been done.
#  Implicit/static pattern stem: ''
#  File does not exist.
#  File has been updated.
#  Needs to be updated (-q is set).
# automatic
# @ := cmake_check_build_system
# automatic
# % := 
# automatic
# * := 
# automatic
# + := 
# automatic
# | := 
# automatic
# < := 
# automatic
# ^ := 
# automatic
# ? := 
# variable set hash-table stats:
# Load=8/32=25%, Rehash=0, Collisions=3/14=21%
#  recipe to execute (from 'Makefile', line 178):
	$(CMAKE_COMMAND) -S$(CMAKE_SOURCE_DIR) -B$(CMAKE_BINARY_DIR) --check-build-system CMakeFiles\Makefile.cmake 0

cameraTest.i: cameraTest.cpp.i
#  Phony target (prerequisite of .PHONY).
#  Implicit rule search has not been done.
#  File does not exist.
#  File has not been updated.

help:
#  Phony target (prerequisite of .PHONY).
#  Implicit rule search has not been done.
#  File does not exist.
#  File has not been updated.
#  recipe to execute (from 'Makefile', line 157):
	@echo The following are some of the valid targets for this Makefile:
	@echo ... all (the default if no target is provided)
	@echo ... clean
	@echo ... depend
	@echo ... edit_cache
	@echo ... rebuild_cache
	@echo ... C_Test
	@echo ... cameraTest.obj
	@echo ... cameraTest.i
	@echo ... cameraTest.s

cameraTest.obj: cameraTest.cpp.obj
#  Phony target (prerequisite of .PHONY).
#  Implicit rule search has not been done.
#  File does not exist.
#  File has not been updated.

preinstall: all
#  Phony target (prerequisite of .PHONY).
#  Implicit rule search has not been done.
#  File does not exist.
#  File has not been updated.
#  recipe to execute (from 'Makefile', line 105):
	$(MAKE) $(MAKESILENT) -f CMakeFiles\Makefile2 preinstall

C_Test/fast:
#  Phony target (prerequisite of .PHONY).
#  Implicit rule search has not been done.
#  File does not exist.
#  File has not been updated.
#  recipe to execute (from 'Makefile', line 128):
	$(MAKE) $(MAKESILENT) -f CMakeFiles\C_Test.dir\build.make CMakeFiles/C_Test.dir/build

.SILENT:
#  Implicit rule search has not been done.
#  Modification time never checked.
#  File has not been updated.

depend:
#  Phony target (prerequisite of .PHONY).
#  Implicit rule search has not been done.
#  File does not exist.
#  File has not been updated.
#  recipe to execute (from 'Makefile', line 115):
	$(CMAKE_COMMAND) -S$(CMAKE_SOURCE_DIR) -B$(CMAKE_BINARY_DIR) --check-build-system CMakeFiles\Makefile.cmake 1

# Not a target:
.DEFAULT:
#  Implicit rule search has not been done.
#  Modification time never checked.
#  File has not been updated.

default_target: all
#  Phony target (prerequisite of .PHONY).
#  Implicit rule search has not been done.
#  File does not exist.
#  File has not been updated.

cameraTest.cpp.i:
#  Phony target (prerequisite of .PHONY).
#  Implicit rule search has not been done.
#  File does not exist.
#  File has not been updated.
#  recipe to execute (from 'Makefile', line 144):
	$(MAKE) $(MAKESILENT) -f CMakeFiles\C_Test.dir\build.make CMakeFiles/C_Test.dir/cameraTest.cpp.i

clean:
#  Phony target (prerequisite of .PHONY).
#  Implicit rule search has not been done.
#  File does not exist.
#  File has not been updated.
#  recipe to execute (from 'Makefile', line 96):
	$(MAKE) $(MAKESILENT) -f CMakeFiles\Makefile2 clean

rebuild_cache/fast: rebuild_cache
#  Phony target (prerequisite of .PHONY).
#  Implicit rule search has not been done.
#  File does not exist.
#  File has not been updated.

edit_cache/fast: edit_cache
#  Phony target (prerequisite of .PHONY).
#  Implicit rule search has not been done.
#  File does not exist.
#  File has not been updated.

C_Test: cmake_check_build_system
#  Phony target (prerequisite of .PHONY).
#  Implicit rule search has not been done.
#  File does not exist.
#  File has not been updated.
#  recipe to execute (from 'Makefile', line 123):
	$(MAKE) $(MAKESILENT) -f CMakeFiles\Makefile2 C_Test

# Not a target:
.hpux_make_needs_suffix_list:
#  Implicit rule search has not been done.
#  Modification time never checked.
#  File has not been updated.

cameraTest.cpp.s:
#  Phony target (prerequisite of .PHONY).
#  Implicit rule search has not been done.
#  File does not exist.
#  File has not been updated.
#  recipe to execute (from 'Makefile', line 152):
	$(MAKE) $(MAKESILENT) -f CMakeFiles\C_Test.dir\build.make CMakeFiles/C_Test.dir/cameraTest.cpp.s

rebuild_cache:
#  Phony target (prerequisite of .PHONY).
#  Implicit rule search has not been done.
#  File does not exist.
#  File has not been updated.
#  recipe to execute (from 'Makefile', line 79):
	@$(CMAKE_COMMAND) -E cmake_echo_color --switch=$(COLOR) --cyan "Running CMake to regenerate build system..."
	C:\Develop\CMake\bin\cmake.exe --regenerate-during-build -S$(CMAKE_SOURCE_DIR) -B$(CMAKE_BINARY_DIR)

# files hash-table stats:
# Load=29/1024=3%, Rehash=0, Collisions=5/101=5%
# VPATH Search Paths

# No 'vpath' search paths.

# No general ('VPATH' variable) search path.

# strcache buffers: 1 (0) / strings = 51 / storage = 571 B / avg = 11 B
# current buf: size = 8162 B / used = 571 B / count = 51 / avg = 11 B

# strcache performance: lookups = 163 / hit rate = 68%
# hash-table stats:
# Load=51/8192=1%, Rehash=0, Collisions=3/163=2%
# Finished Make data base on Sun Jun 05 15:25:13 2022

 
